This is pdfTeX, Version 3.1415926-1.40.10 (TeX Live 2009/Debian) (format=pdflatex 2014.3.6)  20 APR 2015 16:56
entering extended mode
 %&-line parsing enabled.
**LastAssignment.tex
(./LastAssignment.tex
LaTeX2e <2009/09/24>
Babel <v3.8l> and hyphenation patterns for english, usenglishmax, dumylang, noh
yphenation, loaded.
(/usr/share/texmf-texlive/tex/latex/base/article.cls
Document Class: article 2007/10/19 v1.4h Standard LaTeX document class
(/usr/share/texmf-texlive/tex/latex/base/size10.clo
File: size10.clo 2007/10/19 v1.4h Standard LaTeX file (size option)
)
\c@part=\count79
\c@section=\count80
\c@subsection=\count81
\c@subsubsection=\count82
\c@paragraph=\count83
\c@subparagraph=\count84
\c@figure=\count85
\c@table=\count86
\abovecaptionskip=\skip41
\belowcaptionskip=\skip42
\bibindent=\dimen102
)
(/usr/share/texmf-texlive/tex/latex/graphics/graphicx.sty
Package: graphicx 1999/02/16 v1.0f Enhanced LaTeX Graphics (DPC,SPQR)

(/usr/share/texmf-texlive/tex/latex/graphics/keyval.sty
Package: keyval 1999/03/16 v1.13 key=value parser (DPC)
\KV@toks@=\toks14
)
(/usr/share/texmf-texlive/tex/latex/graphics/graphics.sty
Package: graphics 2009/02/05 v1.0o Standard LaTeX Graphics (DPC,SPQR)

(/usr/share/texmf-texlive/tex/latex/graphics/trig.sty
Package: trig 1999/03/16 v1.09 sin cos tan (DPC)
)
(/etc/texmf/tex/latex/config/graphics.cfg
File: graphics.cfg 2009/08/28 v1.8 graphics configuration of TeX Live
)
Package graphics Info: Driver file: pdftex.def on input line 91.

(/usr/share/texmf-texlive/tex/latex/pdftex-def/pdftex.def
File: pdftex.def 2010/03/12 v0.04p Graphics/color for pdfTeX
\Gread@gobject=\count87
))
\Gin@req@height=\dimen103
\Gin@req@width=\dimen104
)
(/usr/share/texmf-texlive/tex/latex/graphics/color.sty
Package: color 2005/11/14 v1.0j Standard LaTeX Color (DPC)

(/etc/texmf/tex/latex/config/color.cfg
File: color.cfg 2007/01/18 v1.5 color configuration of teTeX/TeXLive
)
Package color Info: Driver file: pdftex.def on input line 130.
)
(/usr/share/texmf-texlive/tex/latex/ltxmisc/framed.sty
Package: framed 2007/10/04 v 0.95: framed or shaded text with page breaks
\fb@frw=\dimen105
\fb@frh=\dimen106
\FrameRule=\dimen107
\FrameSep=\dimen108
)
(/usr/share/texmf-texlive/tex/latex/base/alltt.sty
Package: alltt 1997/06/16 v2.0g defines alltt environment
) (./LastAssignment.aux)
\openout1 = `LastAssignment.aux'.

LaTeX Font Info:    Checking defaults for OML/cmm/m/it on input line 52.
LaTeX Font Info:    ... okay on input line 52.
LaTeX Font Info:    Checking defaults for T1/cmr/m/n on input line 52.
LaTeX Font Info:    ... okay on input line 52.
LaTeX Font Info:    Checking defaults for OT1/cmr/m/n on input line 52.
LaTeX Font Info:    ... okay on input line 52.
LaTeX Font Info:    Checking defaults for OMS/cmsy/m/n on input line 52.
LaTeX Font Info:    ... okay on input line 52.
LaTeX Font Info:    Checking defaults for OMX/cmex/m/n on input line 52.
LaTeX Font Info:    ... okay on input line 52.
LaTeX Font Info:    Checking defaults for U/cmr/m/n on input line 52.
LaTeX Font Info:    ... okay on input line 52.

(/usr/share/texmf-texlive/tex/context/base/supp-pdf.mkii
[Loading MPS to PDF converter (version 2006.09.02).]
\scratchcounter=\count88
\scratchdimen=\dimen109
\scratchbox=\box26
\nofMPsegments=\count89
\nofMParguments=\count90
\everyMPshowfont=\toks15
\MPscratchCnt=\count91
\MPscratchDim=\dimen110
\MPnumerator=\count92
\everyMPtoPDFconversion=\toks16
)
Package color Info: Redefining color shadecolor on input line 63.
LaTeX Font Info:    Font shape `OT1/cmtt/bx/n' in size <10> not available
(Font)              Font shape `OT1/cmtt/m/n' tried instead on input line 65.
 [1

{/var/lib/texmf/fonts/map/pdftex/updmap/pdftex.map}]
Package color Info: Redefining color shadecolor on input line 86.

Overfull \hbox (13.733pt too wide) in paragraph at lines 88--88
[][]\OT1/cmtt/m/it/10 # Paste0 allows us to concatenate all of the above into o
ne long URL[][] 
 []


Overfull \hbox (22.4968pt too wide) in paragraph at lines 89--89
[][]\OT1/cmtt/m/n/10 URLjavascript[] []<-[] []paste0[][](url, path, search1, se
archJ, pageNo, pageSize)[][] 
 []


Overfull \hbox (1.49698pt too wide) in paragraph at lines 92--92
[][]\OT1/cmtt/m/n/10 URLpython[] []<-[] []paste0[][](url, path, search1, search
P, pageNo, pageSize)[][] 
 []

Package color Info: Redefining color shadecolor on input line 98.
Package color Info: Redefining color shadecolor on input line 121.
Package color Info: Redefining color shadecolor on input line 133.
[2]
Package color Info: Redefining color shadecolor on input line 165.

Overfull \hbox (6.74693pt too wide) in paragraph at lines 167--167
[][]\OT1/cmtt/m/n/10 g[][]=[][]ggplot[][]([][]data[][]=df,[] []aes[][]([][]x[][
]=Languages,[] []y[][]=Repositories,[] []fill[][]=Languages))[][] 
 []

<figure/osemn5-1.pdf, id=13, 505.89pt x 505.89pt>
File: figure/osemn5-1.pdf Graphic file (type pdf)
 <use figure/osemn5-1.pdf>
Overfull \hbox (15.0pt too wide) in paragraph at lines 171--172
[][] 
 []

Package color Info: Redefining color shadecolor on input line 176.
[3 <./figure/osemn5-1.pdf>]
Overfull \hbox (174.74547pt too wide) in paragraph at lines 178--178
[][]\OT1/cmtt/m/n/10 l[] []<-[] []ggplot[][]([][]data[] []= df,[] []aes[][]([][
]x[] []= Languages,[] []y[] []= Repositories,[] []group[] []=[] []1[][]))[] []+
[] []geom_line[][]([][]colour[] []=[] []"red"[][],[][] 
 []


Overfull \hbox (48.74657pt too wide) in paragraph at lines 179--179
[]    []\OT1/cmtt/m/n/10 linetype[] []=[] []"dashed"[][],[] []size[] []=[] []1.
5[][])[] []+[] []geom_point[][]([][]colour[] []=[] []"red"[][],[] []size[] []=[
] []4[][],[][] 
 []

<figure/osemn6-1.pdf, id=23, 505.89pt x 505.89pt>
File: figure/osemn6-1.pdf Graphic file (type pdf)
 <use figure/osemn6-1.pdf>
Overfull \hbox (15.0pt too wide) in paragraph at lines 184--185
[][] 
 []

[4 <./figure/osemn6-1.pdf>] (./LastAssignment.aux) ) 
Here is how much of TeX's memory you used:
 1017 strings out of 495061
 12933 string characters out of 1182622
 67784 words of memory out of 3000000
 4232 multiletter control sequences out of 15000+50000
 5494 words of font info for 21 fonts, out of 3000000 for 9000
 28 hyphenation exceptions out of 8191
 25i,5n,19p,450b,248s stack positions out of 5000i,500n,10000p,200000b,50000s
</usr/share/texmf-texlive/f
onts/type1/public/amsfonts/cm/cmbx10.pfb></usr/share/texmf-texlive/fonts/type1/
public/amsfonts/cm/cmbx12.pfb></usr/share/texmf-texlive/fonts/type1/public/amsf
onts/cm/cmitt10.pfb></usr/share/texmf-texlive/fonts/type1/public/amsfonts/cm/cm
r10.pfb></usr/share/texmf-texlive/fonts/type1/public/amsfonts/cm/cmtt10.pfb>
Output written on LastAssignment.pdf (4 pages, 89892 bytes).
PDF statistics:
 48 PDF objects out of 1000 (max. 8388607)
 0 named destinations out of 1000 (max. 500000)
 11 words of extra memory for PDF output out of 10000 (max. 10000000)

